{
  message: 'Database connected',
  level: 'info',
  label: 'right meow!',
  timestamp: '2023-06-08T13:42:20.922Z'
}
{
  message: 'Application listening on port 5000',
  level: 'info',
  label: 'right meow!',
  timestamp: '2023-06-08T13:42:20.979Z'
}
{
  message: 'Database connected',
  level: 'info',
  label: 'right meow!',
  timestamp: '2023-06-08T13:45:04.308Z'
}
{
  message: 'Application listening on port 5000',
  level: 'info',
  label: 'right meow!',
  timestamp: '2023-06-08T13:45:04.332Z'
}
{
  message: 'Database connected',
  level: 'info',
  label: 'right meow!',
  timestamp: '2023-06-08T13:54:40.774Z'
}
{
  message: 'Application listening on port 5000',
  level: 'info',
  label: 'right meow!',
  timestamp: '2023-06-08T13:54:40.844Z'
}
{
  message: 'Database connected',
  level: 'info',
  label: 'right meow!',
  timestamp: '2023-06-08T13:55:25.340Z'
}
{
  message: 'Application listening on port 5000',
  level: 'info',
  label: 'right meow!',
  timestamp: '2023-06-08T13:55:25.358Z'
}
