{
  message: 'Database connected',
  level: 'info',
  label: 'right meow!',
  timestamp: '2023-06-08T16:08:44.627Z'
}
{
  message: 'Application listening on port 5000',
  level: 'info',
  label: 'right meow!',
  timestamp: '2023-06-08T16:08:44.823Z'
}
{
  message: 'Database connected',
  level: 'info',
  label: 'right meow!',
  timestamp: '2023-06-08T16:16:19.202Z'
}
{
  message: 'Application listening on port 5000',
  level: 'info',
  label: 'right meow!',
  timestamp: '2023-06-08T16:16:19.257Z'
}
{
  message: 'Database connected',
  level: 'info',
  label: 'right meow!',
  timestamp: '2023-06-08T16:18:25.058Z'
}
{
  message: 'Application listening on port 5000',
  level: 'info',
  label: 'right meow!',
  timestamp: '2023-06-08T16:18:25.097Z'
}
{
  message: 'Database connected',
  level: 'info',
  label: 'right meow!',
  timestamp: '2023-06-08T16:21:04.495Z'
}
{
  message: 'Application listening on port 5000',
  level: 'info',
  label: 'right meow!',
  timestamp: '2023-06-08T16:21:04.513Z'
}
{
  message: 'Database connected',
  level: 'info',
  label: 'right meow!',
  timestamp: '2023-06-08T16:23:38.391Z'
}
{
  message: 'Application listening on port 5000',
  level: 'info',
  label: 'right meow!',
  timestamp: '2023-06-08T16:23:38.439Z'
}
{
  message: 'Database connected',
  level: 'info',
  label: 'right meow!',
  timestamp: '2023-06-08T16:28:29.944Z'
}
{
  message: 'Application listening on port 5000',
  level: 'info',
  label: 'right meow!',
  timestamp: '2023-06-08T16:28:29.966Z'
}
{
  message: 'Database connected',
  level: 'info',
  label: 'right meow!',
  timestamp: '2023-06-08T16:29:42.861Z'
}
{
  message: 'Application listening on port 5000',
  level: 'info',
  label: 'right meow!',
  timestamp: '2023-06-08T16:29:42.892Z'
}
{
  message: 'Database connected',
  level: 'info',
  label: 'right meow!',
  timestamp: '2023-06-08T16:35:54.280Z'
}
{
  message: 'Application listening on port 5000',
  level: 'info',
  label: 'right meow!',
  timestamp: '2023-06-08T16:35:54.302Z'
}
{
  message: 'Database connected',
  level: 'info',
  label: 'right meow!',
  timestamp: '2023-06-08T16:37:06.993Z'
}
{
  message: 'Application listening on port 5000',
  level: 'info',
  label: 'right meow!',
  timestamp: '2023-06-08T16:37:07.021Z'
}
{
  message: 'Database connected',
  level: 'info',
  label: 'right meow!',
  timestamp: '2023-06-08T16:37:51.425Z'
}
{
  message: 'Application listening on port 5000',
  level: 'info',
  label: 'right meow!',
  timestamp: '2023-06-08T16:37:51.466Z'
}
{
  message: 'Database connected',
  level: 'info',
  label: 'right meow!',
  timestamp: '2023-06-08T16:40:03.403Z'
}
{
  message: 'Application listening on port 5000',
  level: 'info',
  label: 'right meow!',
  timestamp: '2023-06-08T16:40:03.431Z'
}
{
  message: 'Database connected',
  level: 'info',
  label: 'right meow!',
  timestamp: '2023-06-08T16:41:03.595Z'
}
{
  message: 'Application listening on port 5000',
  level: 'info',
  label: 'right meow!',
  timestamp: '2023-06-08T16:41:03.611Z'
}
{
  message: 'Database connected',
  level: 'info',
  label: 'right meow!',
  timestamp: '2023-06-08T16:43:08.361Z'
}
{
  message: 'Application listening on port 5000',
  level: 'info',
  label: 'right meow!',
  timestamp: '2023-06-08T16:43:08.400Z'
}
{
  message: 'Database connected',
  level: 'info',
  label: 'right meow!',
  timestamp: '2023-06-08T16:43:50.857Z'
}
{
  message: 'Application listening on port 5000',
  level: 'info',
  label: 'right meow!',
  timestamp: '2023-06-08T16:43:50.877Z'
}
{
  message: 'Database connected',
  level: 'info',
  label: 'right meow!',
  timestamp: '2023-06-08T16:44:22.535Z'
}
{
  message: 'Application listening on port 5000',
  level: 'info',
  label: 'right meow!',
  timestamp: '2023-06-08T16:44:22.595Z'
}
{
  message: 'Database connected',
  level: 'info',
  label: 'right meow!',
  timestamp: '2023-06-08T16:58:40.809Z'
}
{
  message: 'Application listening on port 5000',
  level: 'info',
  label: 'right meow!',
  timestamp: '2023-06-08T16:58:40.835Z'
}
