{
  errors: {
    endMonth: ValidatorError: Path `endMonth` is required.
        at validate (F:\Next Level Tutorials\university-management-auth-service\node_modules\mongoose\lib\schematype.js:1349:13)
        at SchemaString.SchemaType.doValidate (F:\Next Level Tutorials\university-management-auth-service\node_modules\mongoose\lib\schematype.js:1333:7)
        at F:\Next Level Tutorials\university-management-auth-service\node_modules\mongoose\lib\document.js:2932:18
        at processTicksAndRejections (node:internal/process/task_queues:77:11) {
      properties: {
        validator: [Function (anonymous)],
        message: 'Path `endMonth` is required.',
        type: 'required',
        path: 'endMonth',
        value: undefined
      },
      kind: 'required',
      path: 'endMonth',
      value: undefined,
      reason: undefined,
      [Symbol(mongoose:validatorError)]: true
    },
    startMonth: ValidatorError: Path `startMonth` is required.
        at validate (F:\Next Level Tutorials\university-management-auth-service\node_modules\mongoose\lib\schematype.js:1349:13)
        at SchemaString.SchemaType.doValidate (F:\Next Level Tutorials\university-management-auth-service\node_modules\mongoose\lib\schematype.js:1333:7)
        at F:\Next Level Tutorials\university-management-auth-service\node_modules\mongoose\lib\document.js:2932:18
        at processTicksAndRejections (node:internal/process/task_queues:77:11) {
      properties: {
        validator: [Function (anonymous)],
        message: 'Path `startMonth` is required.',
        type: 'required',
        path: 'startMonth',
        value: undefined
      },
      kind: 'required',
      path: 'startMonth',
      value: undefined,
      reason: undefined,
      [Symbol(mongoose:validatorError)]: true
    },
    code: ValidatorError: Path `code` is required.
        at validate (F:\Next Level Tutorials\university-management-auth-service\node_modules\mongoose\lib\schematype.js:1349:13)
        at SchemaString.SchemaType.doValidate (F:\Next Level Tutorials\university-management-auth-service\node_modules\mongoose\lib\schematype.js:1333:7)
        at F:\Next Level Tutorials\university-management-auth-service\node_modules\mongoose\lib\document.js:2932:18
        at processTicksAndRejections (node:internal/process/task_queues:77:11) {
      properties: {
        validator: [Function (anonymous)],
        message: 'Path `code` is required.',
        type: 'required',
        path: 'code',
        value: undefined
      },
      kind: 'required',
      path: 'code',
      value: undefined,
      reason: undefined,
      [Symbol(mongoose:validatorError)]: true
    },
    year: ValidatorError: Path `year` is required.
        at validate (F:\Next Level Tutorials\university-management-auth-service\node_modules\mongoose\lib\schematype.js:1349:13)
        at SchemaNumber.SchemaType.doValidate (F:\Next Level Tutorials\university-management-auth-service\node_modules\mongoose\lib\schematype.js:1333:7)
        at F:\Next Level Tutorials\university-management-auth-service\node_modules\mongoose\lib\document.js:2932:18
        at processTicksAndRejections (node:internal/process/task_queues:77:11) {
      properties: {
        validator: [Function (anonymous)],
        message: 'Path `year` is required.',
        type: 'required',
        path: 'year',
        value: undefined
      },
      kind: 'required',
      path: 'year',
      value: undefined,
      reason: undefined,
      [Symbol(mongoose:validatorError)]: true
    },
    title: ValidatorError: Path `title` is required.
        at validate (F:\Next Level Tutorials\university-management-auth-service\node_modules\mongoose\lib\schematype.js:1349:13)
        at SchemaString.SchemaType.doValidate (F:\Next Level Tutorials\university-management-auth-service\node_modules\mongoose\lib\schematype.js:1333:7)
        at F:\Next Level Tutorials\university-management-auth-service\node_modules\mongoose\lib\document.js:2932:18
        at processTicksAndRejections (node:internal/process/task_queues:77:11) {
      properties: {
        validator: [Function (anonymous)],
        message: 'Path `title` is required.',
        type: 'required',
        path: 'title',
        value: undefined
      },
      kind: 'required',
      path: 'title',
      value: undefined,
      reason: undefined,
      [Symbol(mongoose:validatorError)]: true
    }
  },
  _message: 'AcademicSemester validation failed',
  level: 'error',
  label: 'right meow!',
  timestamp: '2023-06-07T19:06:45.739Z'
}
{
  errors: {
    endMonth: ValidatorError: Path `endMonth` is required.
        at validate (F:\Next Level Tutorials\university-management-auth-service\node_modules\mongoose\lib\schematype.js:1349:13)
        at SchemaString.SchemaType.doValidate (F:\Next Level Tutorials\university-management-auth-service\node_modules\mongoose\lib\schematype.js:1333:7)
        at F:\Next Level Tutorials\university-management-auth-service\node_modules\mongoose\lib\document.js:2932:18
        at processTicksAndRejections (node:internal/process/task_queues:77:11) {
      properties: {
        validator: [Function (anonymous)],
        message: 'Path `endMonth` is required.',
        type: 'required',
        path: 'endMonth',
        value: undefined
      },
      kind: 'required',
      path: 'endMonth',
      value: undefined,
      reason: undefined,
      [Symbol(mongoose:validatorError)]: true
    },
    startMonth: ValidatorError: Path `startMonth` is required.
        at validate (F:\Next Level Tutorials\university-management-auth-service\node_modules\mongoose\lib\schematype.js:1349:13)
        at SchemaString.SchemaType.doValidate (F:\Next Level Tutorials\university-management-auth-service\node_modules\mongoose\lib\schematype.js:1333:7)
        at F:\Next Level Tutorials\university-management-auth-service\node_modules\mongoose\lib\document.js:2932:18
        at processTicksAndRejections (node:internal/process/task_queues:77:11) {
      properties: {
        validator: [Function (anonymous)],
        message: 'Path `startMonth` is required.',
        type: 'required',
        path: 'startMonth',
        value: undefined
      },
      kind: 'required',
      path: 'startMonth',
      value: undefined,
      reason: undefined,
      [Symbol(mongoose:validatorError)]: true
    },
    code: ValidatorError: Path `code` is required.
        at validate (F:\Next Level Tutorials\university-management-auth-service\node_modules\mongoose\lib\schematype.js:1349:13)
        at SchemaString.SchemaType.doValidate (F:\Next Level Tutorials\university-management-auth-service\node_modules\mongoose\lib\schematype.js:1333:7)
        at F:\Next Level Tutorials\university-management-auth-service\node_modules\mongoose\lib\document.js:2932:18
        at processTicksAndRejections (node:internal/process/task_queues:77:11) {
      properties: {
        validator: [Function (anonymous)],
        message: 'Path `code` is required.',
        type: 'required',
        path: 'code',
        value: undefined
      },
      kind: 'required',
      path: 'code',
      value: undefined,
      reason: undefined,
      [Symbol(mongoose:validatorError)]: true
    },
    year: ValidatorError: Path `year` is required.
        at validate (F:\Next Level Tutorials\university-management-auth-service\node_modules\mongoose\lib\schematype.js:1349:13)
        at SchemaNumber.SchemaType.doValidate (F:\Next Level Tutorials\university-management-auth-service\node_modules\mongoose\lib\schematype.js:1333:7)
        at F:\Next Level Tutorials\university-management-auth-service\node_modules\mongoose\lib\document.js:2932:18
        at processTicksAndRejections (node:internal/process/task_queues:77:11) {
      properties: {
        validator: [Function (anonymous)],
        message: 'Path `year` is required.',
        type: 'required',
        path: 'year',
        value: undefined
      },
      kind: 'required',
      path: 'year',
      value: undefined,
      reason: undefined,
      [Symbol(mongoose:validatorError)]: true
    },
    title: ValidatorError: Path `title` is required.
        at validate (F:\Next Level Tutorials\university-management-auth-service\node_modules\mongoose\lib\schematype.js:1349:13)
        at SchemaString.SchemaType.doValidate (F:\Next Level Tutorials\university-management-auth-service\node_modules\mongoose\lib\schematype.js:1333:7)
        at F:\Next Level Tutorials\university-management-auth-service\node_modules\mongoose\lib\document.js:2932:18
        at processTicksAndRejections (node:internal/process/task_queues:77:11) {
      properties: {
        validator: [Function (anonymous)],
        message: 'Path `title` is required.',
        type: 'required',
        path: 'title',
        value: undefined
      },
      kind: 'required',
      path: 'title',
      value: undefined,
      reason: undefined,
      [Symbol(mongoose:validatorError)]: true
    }
  },
  _message: 'AcademicSemester validation failed',
  level: 'error',
  label: 'right meow!',
  timestamp: '2023-06-07T19:10:25.338Z'
}
{
  cause: Error: connect ETIMEDOUT 54.159.10.123:27017
      at TCPConnectWrap.afterConnect [as oncomplete] (node:net:1532:16) {
    errno: -4039,
    code: 'ETIMEDOUT',
    syscall: 'connect',
    address: '54.159.10.123',
    port: 27017
  },
  connectionGeneration: 1,
  level: 'error',
  message: 'Failed to connect database connect ETIMEDOUT 54.159.10.123:27017',
  stack: 'MongoNetworkError: connect ETIMEDOUT 54.159.10.123:27017\n' +
    '    at connectionFailureError (F:\\Next Level Tutorials\\university-management-auth-service\\node_modules\\mongodb\\src\\cmap\\connect.ts:491:14)\n' +
    '    at TLSSocket.<anonymous> (F:\\Next Level Tutorials\\university-management-auth-service\\node_modules\\mongodb\\src\\cmap\\connect.ts:392:16)\n' +
    '    at Object.onceWrapper (node:events:627:26)\n' +
    '    at TLSSocket.emit (node:events:512:28)\n' +
    '    at emitErrorNT (node:internal/streams/destroy:151:8)\n' +
    '    at emitErrorCloseNT (node:internal/streams/destroy:116:3)\n' +
    '    at processTicksAndRejections (node:internal/process/task_queues:82:21)',
  label: 'right meow!',
  timestamp: '2023-06-07T19:17:42.675Z',
  [Symbol(errorLabels)]: Set(1) { 'ResetPool' }
}
{
  errors: {
    endMonth: ValidatorError: Path `endMonth` is required.
        at validate (F:\Next Level Tutorials\university-management-auth-service\node_modules\mongoose\lib\schematype.js:1349:13)
        at SchemaString.SchemaType.doValidate (F:\Next Level Tutorials\university-management-auth-service\node_modules\mongoose\lib\schematype.js:1333:7)
        at F:\Next Level Tutorials\university-management-auth-service\node_modules\mongoose\lib\document.js:2932:18
        at processTicksAndRejections (node:internal/process/task_queues:77:11) {
      properties: {
        validator: [Function (anonymous)],
        message: 'Path `endMonth` is required.',
        type: 'required',
        path: 'endMonth',
        value: undefined
      },
      kind: 'required',
      path: 'endMonth',
      value: undefined,
      reason: undefined,
      [Symbol(mongoose:validatorError)]: true
    },
    startMonth: ValidatorError: Path `startMonth` is required.
        at validate (F:\Next Level Tutorials\university-management-auth-service\node_modules\mongoose\lib\schematype.js:1349:13)
        at SchemaString.SchemaType.doValidate (F:\Next Level Tutorials\university-management-auth-service\node_modules\mongoose\lib\schematype.js:1333:7)
        at F:\Next Level Tutorials\university-management-auth-service\node_modules\mongoose\lib\document.js:2932:18
        at processTicksAndRejections (node:internal/process/task_queues:77:11) {
      properties: {
        validator: [Function (anonymous)],
        message: 'Path `startMonth` is required.',
        type: 'required',
        path: 'startMonth',
        value: undefined
      },
      kind: 'required',
      path: 'startMonth',
      value: undefined,
      reason: undefined,
      [Symbol(mongoose:validatorError)]: true
    },
    code: ValidatorError: Path `code` is required.
        at validate (F:\Next Level Tutorials\university-management-auth-service\node_modules\mongoose\lib\schematype.js:1349:13)
        at SchemaString.SchemaType.doValidate (F:\Next Level Tutorials\university-management-auth-service\node_modules\mongoose\lib\schematype.js:1333:7)
        at F:\Next Level Tutorials\university-management-auth-service\node_modules\mongoose\lib\document.js:2932:18
        at processTicksAndRejections (node:internal/process/task_queues:77:11) {
      properties: {
        validator: [Function (anonymous)],
        message: 'Path `code` is required.',
        type: 'required',
        path: 'code',
        value: undefined
      },
      kind: 'required',
      path: 'code',
      value: undefined,
      reason: undefined,
      [Symbol(mongoose:validatorError)]: true
    },
    year: ValidatorError: Path `year` is required.
        at validate (F:\Next Level Tutorials\university-management-auth-service\node_modules\mongoose\lib\schematype.js:1349:13)
        at SchemaNumber.SchemaType.doValidate (F:\Next Level Tutorials\university-management-auth-service\node_modules\mongoose\lib\schematype.js:1333:7)
        at F:\Next Level Tutorials\university-management-auth-service\node_modules\mongoose\lib\document.js:2932:18
        at processTicksAndRejections (node:internal/process/task_queues:77:11) {
      properties: {
        validator: [Function (anonymous)],
        message: 'Path `year` is required.',
        type: 'required',
        path: 'year',
        value: undefined
      },
      kind: 'required',
      path: 'year',
      value: undefined,
      reason: undefined,
      [Symbol(mongoose:validatorError)]: true
    },
    title: ValidatorError: Path `title` is required.
        at validate (F:\Next Level Tutorials\university-management-auth-service\node_modules\mongoose\lib\schematype.js:1349:13)
        at SchemaString.SchemaType.doValidate (F:\Next Level Tutorials\university-management-auth-service\node_modules\mongoose\lib\schematype.js:1333:7)
        at F:\Next Level Tutorials\university-management-auth-service\node_modules\mongoose\lib\document.js:2932:18
        at processTicksAndRejections (node:internal/process/task_queues:77:11) {
      properties: {
        validator: [Function (anonymous)],
        message: 'Path `title` is required.',
        type: 'required',
        path: 'title',
        value: undefined
      },
      kind: 'required',
      path: 'title',
      value: undefined,
      reason: undefined,
      [Symbol(mongoose:validatorError)]: true
    }
  },
  _message: 'AcademicSemester validation failed',
  level: 'error',
  label: 'right meow!',
  timestamp: '2023-06-07T19:19:43.190Z'
}
