{
  statusCode: 409,
  level: 'error',
  label: 'right meow!',
  timestamp: '2023-06-08T16:14:19.184Z'
}
{
  cause: Error: connect ETIMEDOUT 54.159.10.123:27017
      at TCPConnectWrap.afterConnect [as oncomplete] (node:net:1532:16) {
    errno: -4039,
    code: 'ETIMEDOUT',
    syscall: 'connect',
    address: '54.159.10.123',
    port: 27017
  },
  connectionGeneration: 0,
  level: 'error',
  message: 'Failed to connect database connect ETIMEDOUT 54.159.10.123:27017',
  stack: 'MongoNetworkError: connect ETIMEDOUT 54.159.10.123:27017\n' +
    '    at connectionFailureError (F:\\Next Level Tutorials\\university-management-auth-service\\node_modules\\mongodb\\src\\cmap\\connect.ts:491:14)\n' +
    '    at TLSSocket.<anonymous> (F:\\Next Level Tutorials\\university-management-auth-service\\node_modules\\mongodb\\src\\cmap\\connect.ts:392:16)\n' +
    '    at Object.onceWrapper (node:events:627:26)\n' +
    '    at TLSSocket.emit (node:events:512:28)\n' +
    '    at emitErrorNT (node:internal/streams/destroy:151:8)\n' +
    '    at emitErrorCloseNT (node:internal/streams/destroy:116:3)\n' +
    '    at processTicksAndRejections (node:internal/process/task_queues:82:21)',
  label: 'right meow!',
  timestamp: '2023-06-08T16:15:11.900Z',
  [Symbol(errorLabels)]: Set(1) { 'ResetPool' }
}
{
  statusCode: 409,
  level: 'error',
  label: 'right meow!',
  timestamp: '2023-06-08T16:17:45.016Z'
}
{
  statusCode: 409,
  level: 'error',
  label: 'right meow!',
  timestamp: '2023-06-08T16:20:09.007Z'
}
{
  statusCode: 409,
  level: 'error',
  label: 'right meow!',
  timestamp: '2023-06-08T16:23:13.352Z'
}
{
  statusCode: 409,
  level: 'error',
  label: 'right meow!',
  timestamp: '2023-06-08T16:26:25.719Z'
}
{
  statusCode: 409,
  level: 'error',
  label: 'right meow!',
  timestamp: '2023-06-08T16:28:59.367Z'
}
{
  statusCode: 409,
  level: 'error',
  label: 'right meow!',
  timestamp: '2023-06-08T16:35:22.969Z'
}
{
  statusCode: 409,
  level: 'error',
  label: 'right meow!',
  timestamp: '2023-06-08T16:36:43.920Z'
}
{
  statusCode: 409,
  level: 'error',
  label: 'right meow!',
  timestamp: '2023-06-08T16:37:39.232Z'
}
{
  statusCode: 409,
  level: 'error',
  label: 'right meow!',
  timestamp: '2023-06-08T16:39:20.592Z'
}
{
  statusCode: 409,
  level: 'error',
  label: 'right meow!',
  timestamp: '2023-06-08T16:58:11.308Z'
}
